Arguments: 
  C:\Program Files\nodejs\node.exe C:\Users\Yauheni\AppData\Roaming\npm\node_modules\yarn\bin\yarn.js add express mongoose dotenv path multer

PATH: 
  C:\Program Files (x86)\Common Files\Oracle\Java\javapath;C:\WINDOWS\system32;C:\WINDOWS;C:\WINDOWS\System32\Wbem;C:\WINDOWS\System32\WindowsPowerShell\v1.0\;C:\WINDOWS\System32\OpenSSH\;C:\Program Files (x86)\Common Files\Acronis\SnapAPI\;C:\Program Files\Git\cmd;%NVM_HOME%;%NVM_SYMLINK%;C:\ProgramData\chocolatey\bin;C:\Program Files\nodejs\;C:\Users\Yauheni\AppData\Local\Microsoft\WindowsApps;C:\Users\Yauheni\AppData\Roaming\nvm;C:\Program Files\nodejs;C:\Program Files\heroku\bin;C:\Users\Yauheni\AppData\Roaming\npm;C:\Users\Yauheni\AppData\Local\Programs\Microsoft VS Code\bin;E:\carShop\node_modules\.bin

Yarn version: 
  1.22.17

Node version: 
  18.18.0

Platform: 
  win32 x64

Trace: 
  SyntaxError: E:\carShop\package.json: Unexpected token } in JSON at position 155
      at JSON.parse (<anonymous>)
      at C:\Users\Yauheni\AppData\Roaming\npm\node_modules\yarn\lib\cli.js:1625:59
      at Generator.next (<anonymous>)
      at step (C:\Users\Yauheni\AppData\Roaming\npm\node_modules\yarn\lib\cli.js:310:30)
      at C:\Users\Yauheni\AppData\Roaming\npm\node_modules\yarn\lib\cli.js:321:13

npm manifest: 
  {
    "name": "car-shop",
    "version": "0.0.0",
    "description": "",
    "main": "index.js",
    "scripts": {
      "test": "echo \"Error: no test\" && exit 1",
    },
    "author":"Evg",
    "license": "ISC"
  }

yarn manifest: 
  No manifest

Lockfile: 
  No lockfile
